C:\USERS\USER\DOWNLOADS\IGRAPHICS\DEBUG\IGRAPHICS.EXE
C:\USERS\USER\DOWNLOADS\IGRAPHICS\DEBUG\IGRAPHICS.ILK
C:\USERS\USER\DOWNLOADS\IGRAPHICS\DEBUG\IGRAPHICS.PDB
C:\USERS\USER\DOWNLOADS\IGRAPHICS\IGRAPHICS\DEBUG\IGRAPHICS.EXE.INTERMEDIATE.MANIFEST
C:\USERS\USER\DOWNLOADS\IGRAPHICS\IGRAPHICS\DEBUG\VC100.PDB
C:\USERS\USER\DOWNLOADS\IGRAPHICS\IGRAPHICS\DEBUG\WATCH.OBJ
F:\IGRAPHICS\DEBUG\IGRAPHICS.EXE
F:\IGRAPHICS\DEBUG\IGRAPHICS.ILK
F:\IGRAPHICS\DEBUG\IGRAPHICS.PDB
F:\IGraphics\IGraphics\Debug\cl.command.1.tlog
F:\IGraphics\IGraphics\Debug\CL.read.1.tlog
F:\IGraphics\IGraphics\Debug\CL.write.1.tlog
F:\IGRAPHICS\IGRAPHICS\DEBUG\IGRAPHICS.EXE.INTERMEDIATE.MANIFEST
F:\IGraphics\IGraphics\Debug\IGraphics.vcxprojResolveAssemblyReference.cache
F:\IGraphics\IGraphics\Debug\IGraphics.write.1.tlog
F:\IGraphics\IGraphics\Debug\link.command.1.tlog
F:\IGraphics\IGraphics\Debug\link.read.1.tlog
F:\IGraphics\IGraphics\Debug\link.write.1.tlog
F:\IGraphics\IGraphics\Debug\mt.command.1.tlog
F:\IGraphics\IGraphics\Debug\mt.read.1.tlog
F:\IGraphics\IGraphics\Debug\mt.write.1.tlog
F:\IGRAPHICS\IGRAPHICS\DEBUG\SUDOKU.OBJ
F:\IGraphics\IGraphics\Debug\vc100.idb
F:\IGRAPHICS\IGRAPHICS\DEBUG\VC100.PDB
F:\IGRAPHICS\IGRAPHICS\DEBUG\WATCH.OBJ
